Error date: Fri May 7 15:50:33 CEST 2021' | Error details: foreach() argument must be of type array|object, null given
Error date: Fri May 7 15:50:34 CEST 2021' | Error details: foreach() argument must be of type array|object, null given
Error date: Fri May 7 15:50:35 CEST 2021' | Error details: foreach() argument must be of type array|object, null given
Error date: Fri May 7 15:50:39 CEST 2021' | Error details: foreach() argument must be of type array|object, null given
Error date: Fri May 7 15:50:40 CEST 2021' | Error details: foreach() argument must be of type array|object, null given
Error date: Fri May 7 16:55:27 CEST 2021' | Error details: foreach() argument must be of type array|object, null given
Error date: Fri May 7 18:53:37 CEST 2021' | Error details: foreach() argument must be of type array|object, null given
Error date: Fri May 7 19:26:08 CEST 2021' | Error details: foreach() argument must be of type array|object, null given
Error date: Fri May 7 20:45:22 CEST 2021' | Error details: foreach() argument must be of type array|object, null given
Error date: Fri May 7 21:33:14 CEST 2021' | Error details: foreach() argument must be of type array|object, null given
Error date: Fri May 7 21:41:46 CEST 2021' | Error details: foreach() argument must be of type array|object, null given
Error date: Sat May 8 2:36:29 CEST 2021' | Error details: foreach() argument must be of type array|object, null given
Error date: Sat May 8 17:32:49 CEST 2021' | Error details: foreach() argument must be of type array|object, null given
Error date: Sun May 9 14:49:05 CEST 2021' | Error details: foreach() argument must be of type array|object, null given
Error date: Sun May 9 14:49:59 CEST 2021' | Error details: foreach() argument must be of type array|object, null given
Error date: Sun May 9 14:50:11 CEST 2021' | Error details: foreach() argument must be of type array|object, null given
Error date: Sun May 9 14:52:15 CEST 2021' | Error details: foreach() argument must be of type array|object, null given
Error date: Sun May 9 22:14:55 CEST 2021' | Error details: foreach() argument must be of type array|object, null given
Error date: Mon May 10 0:35:13 CEST 2021' | Error details: foreach() argument must be of type array|object, null given
Error date: Mon May 10 0:35:20 CEST 2021' | Error details: foreach() argument must be of type array|object, null given
Error date: Mon May 10 0:35:21 CEST 2021' | Error details: foreach() argument must be of type array|object, null given
Error date: Mon May 10 0:39:19 CEST 2021' | Error details: SQLSTATE[HY093]: Invalid parameter number: number of bound variables does not match number of tokens
Error date: Mon May 10 0:40:06 CEST 2021' | Error details: foreach() argument must be of type array|object, null given
Error date: Mon May 10 0:40:07 CEST 2021' | Error details: foreach() argument must be of type array|object, null given
Error date: Mon May 10 0:40:31 CEST 2021' | Error details: SQLSTATE[HY093]: Invalid parameter number: number of bound variables does not match number of tokens
Error date: Mon May 10 0:40:46 CEST 2021' | Error details: foreach() argument must be of type array|object, null given
Error date: Mon May 10 0:44:06 CEST 2021' | Error details: foreach() argument must be of type array|object, null given
Error date: Mon May 10 0:44:12 CEST 2021' | Error details: foreach() argument must be of type array|object, null given
Error date: Mon May 10 0:44:13 CEST 2021' | Error details: foreach() argument must be of type array|object, null given
Error date: Mon May 10 0:44:15 CEST 2021' | Error details: foreach() argument must be of type array|object, null given
Error date: Mon May 10 0:46:38 CEST 2021' | Error details: SQLSTATE[HY093]: Invalid parameter number: number of bound variables does not match number of tokens
Error date: Mon May 10 0:49:07 CEST 2021' | Error details: foreach() argument must be of type array|object, null given
Error date: Mon May 10 0:59:13 CEST 2021' | Error details: SQLSTATE[HY093]: Invalid parameter number: number of bound variables does not match number of tokens
Error date: Mon May 10 1:04:03 CEST 2021' | Error details: foreach() argument must be of type array|object, null given
Error date: Mon May 10 1:04:04 CEST 2021' | Error details: foreach() argument must be of type array|object, null given
Error date: Mon May 10 1:04:04 CEST 2021' | Error details: foreach() argument must be of type array|object, null given
Error date: Mon May 10 1:04:05 CEST 2021' | Error details: foreach() argument must be of type array|object, null given
Error date: Mon May 10 1:04:06 CEST 2021' | Error details: foreach() argument must be of type array|object, null given
Error date: Mon May 10 1:04:06 CEST 2021' | Error details: foreach() argument must be of type array|object, null given
Error date: Mon May 10 1:04:07 CEST 2021' | Error details: foreach() argument must be of type array|object, null given
Error date: Mon May 10 1:04:07 CEST 2021' | Error details: foreach() argument must be of type array|object, null given
Error date: Mon May 10 1:04:08 CEST 2021' | Error details: foreach() argument must be of type array|object, null given
Error date: Mon May 10 1:04:11 CEST 2021' | Error details: foreach() argument must be of type array|object, null given
Error date: Mon May 10 1:04:11 CEST 2021' | Error details: foreach() argument must be of type array|object, null given
Error date: Mon May 10 1:04:11 CEST 2021' | Error details: foreach() argument must be of type array|object, null given
Error date: Mon May 10 1:04:11 CEST 2021' | Error details: foreach() argument must be of type array|object, null given
Error date: Mon May 10 1:04:11 CEST 2021' | Error details: foreach() argument must be of type array|object, null given
Error date: Mon May 10 1:04:11 CEST 2021' | Error details: foreach() argument must be of type array|object, null given
Error date: Mon May 10 1:04:11 CEST 2021' | Error details: foreach() argument must be of type array|object, null given
Error date: Mon May 10 1:04:11 CEST 2021' | Error details: foreach() argument must be of type array|object, null given
Error date: Mon May 10 1:04:11 CEST 2021' | Error details: foreach() argument must be of type array|object, null given
Error date: Mon May 10 1:04:11 CEST 2021' | Error details: foreach() argument must be of type array|object, null given
Error date: Mon May 10 1:04:11 CEST 2021' | Error details: foreach() argument must be of type array|object, null given
Error date: Mon May 10 1:04:11 CEST 2021' | Error details: foreach() argument must be of type array|object, null given
Error date: Mon May 10 1:04:11 CEST 2021' | Error details: foreach() argument must be of type array|object, null given
Error date: Mon May 10 1:04:11 CEST 2021' | Error details: foreach() argument must be of type array|object, null given
Error date: Mon May 10 1:04:11 CEST 2021' | Error details: foreach() argument must be of type array|object, null given
Error date: Mon May 10 1:04:11 CEST 2021' | Error details: foreach() argument must be of type array|object, null given
Error date: Mon May 10 1:04:11 CEST 2021' | Error details: foreach() argument must be of type array|object, null given
Error date: Mon May 10 1:04:11 CEST 2021' | Error details: foreach() argument must be of type array|object, null given
Error date: Mon May 10 1:04:11 CEST 2021' | Error details: foreach() argument must be of type array|object, null given
Error date: Mon May 10 1:04:12 CEST 2021' | Error details: foreach() argument must be of type array|object, null given
Error date: Mon May 10 1:04:12 CEST 2021' | Error details: foreach() argument must be of type array|object, null given
Error date: Mon May 10 1:04:12 CEST 2021' | Error details: foreach() argument must be of type array|object, null given
Error date: Mon May 10 1:04:12 CEST 2021' | Error details: foreach() argument must be of type array|object, null given
Error date: Mon May 10 1:04:12 CEST 2021' | Error details: foreach() argument must be of type array|object, null given
Error date: Mon May 10 1:04:12 CEST 2021' | Error details: foreach() argument must be of type array|object, null given
Error date: Mon May 10 1:04:12 CEST 2021' | Error details: foreach() argument must be of type array|object, null given
Error date: Mon May 10 1:04:12 CEST 2021' | Error details: foreach() argument must be of type array|object, null given
Error date: Mon May 10 1:04:12 CEST 2021' | Error details: foreach() argument must be of type array|object, null given
Error date: Mon May 10 1:04:12 CEST 2021' | Error details: foreach() argument must be of type array|object, null given
Error date: Mon May 10 1:04:12 CEST 2021' | Error details: foreach() argument must be of type array|object, null given
Error date: Mon May 10 1:04:12 CEST 2021' | Error details: foreach() argument must be of type array|object, null given
Error date: Mon May 10 1:04:12 CEST 2021' | Error details: foreach() argument must be of type array|object, null given
Error date: Mon May 10 1:04:12 CEST 2021' | Error details: foreach() argument must be of type array|object, null given
Error date: Mon May 10 1:04:12 CEST 2021' | Error details: foreach() argument must be of type array|object, null given
Error date: Mon May 10 1:04:12 CEST 2021' | Error details: foreach() argument must be of type array|object, null given
Error date: Mon May 10 1:04:12 CEST 2021' | Error details: foreach() argument must be of type array|object, null given
Error date: Mon May 10 1:04:15 CEST 2021' | Error details: foreach() argument must be of type array|object, null given
Error date: Mon May 10 1:04:15 CEST 2021' | Error details: foreach() argument must be of type array|object, null given
Error date: Mon May 10 1:04:15 CEST 2021' | Error details: foreach() argument must be of type array|object, null given
Error date: Mon May 10 1:04:15 CEST 2021' | Error details: foreach() argument must be of type array|object, null given
Error date: Mon May 10 1:04:15 CEST 2021' | Error details: foreach() argument must be of type array|object, null given
Error date: Mon May 10 1:04:15 CEST 2021' | Error details: foreach() argument must be of type array|object, null given
Error date: Mon May 10 1:04:15 CEST 2021' | Error details: foreach() argument must be of type array|object, null given
Error date: Mon May 10 1:04:15 CEST 2021' | Error details: foreach() argument must be of type array|object, null given
Error date: Mon May 10 1:04:16 CEST 2021' | Error details: foreach() argument must be of type array|object, null given
Error date: Mon May 10 1:04:16 CEST 2021' | Error details: foreach() argument must be of type array|object, null given
Error date: Mon May 10 1:04:16 CEST 2021' | Error details: foreach() argument must be of type array|object, null given
Error date: Mon May 10 1:04:16 CEST 2021' | Error details: foreach() argument must be of type array|object, null given
Error date: Mon May 10 1:04:16 CEST 2021' | Error details: foreach() argument must be of type array|object, null given
Error date: Mon May 10 1:04:16 CEST 2021' | Error details: foreach() argument must be of type array|object, null given
Error date: Mon May 10 1:04:16 CEST 2021' | Error details: foreach() argument must be of type array|object, null given
Error date: Mon May 10 1:04:16 CEST 2021' | Error details: foreach() argument must be of type array|object, null given
Error date: Mon May 10 1:04:17 CEST 2021' | Error details: foreach() argument must be of type array|object, null given
Error date: Mon May 10 1:04:17 CEST 2021' | Error details: foreach() argument must be of type array|object, null given
Error date: Mon May 10 1:04:17 CEST 2021' | Error details: foreach() argument must be of type array|object, null given
Error date: Mon May 10 1:04:23 CEST 2021' | Error details: foreach() argument must be of type array|object, null given
Error date: Mon May 10 1:04:24 CEST 2021' | Error details: foreach() argument must be of type array|object, null given
Error date: Mon May 10 1:04:29 CEST 2021' | Error details: foreach() argument must be of type array|object, null given
Error date: Mon May 10 1:04:29 CEST 2021' | Error details: foreach() argument must be of type array|object, null given
Error date: Mon May 10 1:04:29 CEST 2021' | Error details: foreach() argument must be of type array|object, null given
Error date: Mon May 10 1:04:29 CEST 2021' | Error details: foreach() argument must be of type array|object, null given
Error date: Mon May 10 1:04:30 CEST 2021' | Error details: foreach() argument must be of type array|object, null given
Error date: Mon May 10 1:04:30 CEST 2021' | Error details: foreach() argument must be of type array|object, null given
Error date: Mon May 10 1:04:31 CEST 2021' | Error details: foreach() argument must be of type array|object, null given
Error date: Mon May 10 1:04:32 CEST 2021' | Error details: foreach() argument must be of type array|object, null given
Error date: Mon May 10 1:04:32 CEST 2021' | Error details: foreach() argument must be of type array|object, null given
Error date: Mon May 10 1:04:33 CEST 2021' | Error details: foreach() argument must be of type array|object, null given
Error date: Mon May 10 1:04:33 CEST 2021' | Error details: foreach() argument must be of type array|object, null given
Error date: Mon May 10 1:04:34 CEST 2021' | Error details: foreach() argument must be of type array|object, null given
Error date: Mon May 10 1:04:34 CEST 2021' | Error details: foreach() argument must be of type array|object, null given
Error date: Mon May 10 1:04:35 CEST 2021' | Error details: foreach() argument must be of type array|object, null given
Error date: Mon May 10 1:04:35 CEST 2021' | Error details: foreach() argument must be of type array|object, null given
Error date: Mon May 10 1:04:35 CEST 2021' | Error details: foreach() argument must be of type array|object, null given
Error date: Mon May 10 1:04:36 CEST 2021' | Error details: foreach() argument must be of type array|object, null given
Error date: Mon May 10 1:04:36 CEST 2021' | Error details: foreach() argument must be of type array|object, null given
Error date: Mon May 10 1:04:36 CEST 2021' | Error details: foreach() argument must be of type array|object, null given
Error date: Mon May 10 1:04:36 CEST 2021' | Error details: foreach() argument must be of type array|object, null given
Error date: Mon May 10 1:04:43 CEST 2021' | Error details: foreach() argument must be of type array|object, null given
Error date: Mon May 10 1:04:43 CEST 2021' | Error details: foreach() argument must be of type array|object, null given
Error date: Mon May 10 1:04:44 CEST 2021' | Error details: foreach() argument must be of type array|object, null given
Error date: Mon May 10 1:04:44 CEST 2021' | Error details: foreach() argument must be of type array|object, null given
Error date: Mon May 10 1:04:44 CEST 2021' | Error details: foreach() argument must be of type array|object, null given
Error date: Mon May 10 1:04:44 CEST 2021' | Error details: foreach() argument must be of type array|object, null given
Error date: Mon May 10 1:04:44 CEST 2021' | Error details: foreach() argument must be of type array|object, null given
Error date: Mon May 10 1:04:45 CEST 2021' | Error details: foreach() argument must be of type array|object, null given
Error date: Mon May 10 1:04:45 CEST 2021' | Error details: foreach() argument must be of type array|object, null given
Error date: Mon May 10 1:04:45 CEST 2021' | Error details: foreach() argument must be of type array|object, null given
Error date: Mon May 10 1:04:45 CEST 2021' | Error details: foreach() argument must be of type array|object, null given
Error date: Mon May 10 1:04:46 CEST 2021' | Error details: foreach() argument must be of type array|object, null given
Error date: Mon May 10 1:04:46 CEST 2021' | Error details: foreach() argument must be of type array|object, null given
Error date: Mon May 10 1:04:46 CEST 2021' | Error details: foreach() argument must be of type array|object, null given
Error date: Mon May 10 1:04:46 CEST 2021' | Error details: foreach() argument must be of type array|object, null given
Error date: Mon May 10 1:04:46 CEST 2021' | Error details: foreach() argument must be of type array|object, null given
Error date: Mon May 10 1:04:48 CEST 2021' | Error details: foreach() argument must be of type array|object, null given
Error date: Mon May 10 1:04:48 CEST 2021' | Error details: foreach() argument must be of type array|object, null given
Error date: Mon May 10 1:04:48 CEST 2021' | Error details: foreach() argument must be of type array|object, null given
Error date: Mon May 10 1:04:48 CEST 2021' | Error details: foreach() argument must be of type array|object, null given
Error date: Mon May 10 1:04:48 CEST 2021' | Error details: foreach() argument must be of type array|object, null given
Error date: Mon May 10 1:04:49 CEST 2021' | Error details: foreach() argument must be of type array|object, null given
Error date: Mon May 10 1:04:49 CEST 2021' | Error details: foreach() argument must be of type array|object, null given
Error date: Mon May 10 1:04:50 CEST 2021' | Error details: foreach() argument must be of type array|object, null given
Error date: Mon May 10 1:04:50 CEST 2021' | Error details: foreach() argument must be of type array|object, null given
Error date: Mon May 10 1:04:50 CEST 2021' | Error details: foreach() argument must be of type array|object, null given
Error date: Mon May 10 1:04:51 CEST 2021' | Error details: foreach() argument must be of type array|object, null given
Error date: Mon May 10 1:04:51 CEST 2021' | Error details: foreach() argument must be of type array|object, null given
Error date: Mon May 10 1:04:51 CEST 2021' | Error details: foreach() argument must be of type array|object, null given
Error date: Mon May 10 1:04:52 CEST 2021' | Error details: foreach() argument must be of type array|object, null given
Error date: Mon May 10 1:04:52 CEST 2021' | Error details: foreach() argument must be of type array|object, null given
Error date: Mon May 10 1:04:52 CEST 2021' | Error details: foreach() argument must be of type array|object, null given
Error date: Mon May 10 1:04:53 CEST 2021' | Error details: foreach() argument must be of type array|object, null given
Error date: Mon May 10 1:04:53 CEST 2021' | Error details: foreach() argument must be of type array|object, null given
Error date: Mon May 10 1:04:53 CEST 2021' | Error details: foreach() argument must be of type array|object, null given
Error date: Mon May 10 1:04:53 CEST 2021' | Error details: foreach() argument must be of type array|object, null given
Error date: Mon May 10 1:04:54 CEST 2021' | Error details: foreach() argument must be of type array|object, null given
Error date: Mon May 10 1:04:54 CEST 2021' | Error details: foreach() argument must be of type array|object, null given
Error date: Mon May 10 1:04:54 CEST 2021' | Error details: foreach() argument must be of type array|object, null given
Error date: Mon May 10 1:04:54 CEST 2021' | Error details: foreach() argument must be of type array|object, null given
Error date: Mon May 10 1:04:54 CEST 2021' | Error details: foreach() argument must be of type array|object, null given
Error date: Mon May 10 1:04:54 CEST 2021' | Error details: foreach() argument must be of type array|object, null given
Error date: Mon May 10 1:04:54 CEST 2021' | Error details: foreach() argument must be of type array|object, null given
Error date: Mon May 10 1:04:54 CEST 2021' | Error details: foreach() argument must be of type array|object, null given
Error date: Mon May 10 1:04:54 CEST 2021' | Error details: foreach() argument must be of type array|object, null given
Error date: Mon May 10 1:04:54 CEST 2021' | Error details: foreach() argument must be of type array|object, null given
Error date: Mon May 10 1:04:54 CEST 2021' | Error details: foreach() argument must be of type array|object, null given
Error date: Mon May 10 1:04:55 CEST 2021' | Error details: foreach() argument must be of type array|object, null given
Error date: Mon May 10 1:04:55 CEST 2021' | Error details: foreach() argument must be of type array|object, null given
Error date: Mon May 10 1:04:55 CEST 2021' | Error details: foreach() argument must be of type array|object, null given
Error date: Mon May 10 1:04:55 CEST 2021' | Error details: foreach() argument must be of type array|object, null given
Error date: Mon May 10 1:04:55 CEST 2021' | Error details: foreach() argument must be of type array|object, null given
Error date: Mon May 10 1:04:55 CEST 2021' | Error details: foreach() argument must be of type array|object, null given
Error date: Mon May 10 1:04:55 CEST 2021' | Error details: foreach() argument must be of type array|object, null given
Error date: Mon May 10 1:04:55 CEST 2021' | Error details: foreach() argument must be of type array|object, null given
Error date: Mon May 10 1:04:56 CEST 2021' | Error details: foreach() argument must be of type array|object, null given
Error date: Mon May 10 1:04:56 CEST 2021' | Error details: foreach() argument must be of type array|object, null given
Error date: Mon May 10 1:04:56 CEST 2021' | Error details: foreach() argument must be of type array|object, null given
Error date: Mon May 10 1:04:57 CEST 2021' | Error details: foreach() argument must be of type array|object, null given
Error date: Mon May 10 1:04:57 CEST 2021' | Error details: foreach() argument must be of type array|object, null given
Error date: Mon May 10 1:04:57 CEST 2021' | Error details: foreach() argument must be of type array|object, null given
Error date: Mon May 10 1:04:57 CEST 2021' | Error details: foreach() argument must be of type array|object, null given
Error date: Mon May 10 1:04:57 CEST 2021' | Error details: foreach() argument must be of type array|object, null given
Error date: Mon May 10 1:04:57 CEST 2021' | Error details: foreach() argument must be of type array|object, null given
Error date: Mon May 10 1:05:02 CEST 2021' | Error details: foreach() argument must be of type array|object, null given
Error date: Mon May 10 1:05:02 CEST 2021' | Error details: foreach() argument must be of type array|object, null given
Error date: Mon May 10 1:05:02 CEST 2021' | Error details: foreach() argument must be of type array|object, null given
Error date: Mon May 10 1:05:02 CEST 2021' | Error details: foreach() argument must be of type array|object, null given
Error date: Mon May 10 1:05:02 CEST 2021' | Error details: foreach() argument must be of type array|object, null given
Error date: Mon May 10 1:05:02 CEST 2021' | Error details: foreach() argument must be of type array|object, null given
Error date: Mon May 10 1:05:03 CEST 2021' | Error details: foreach() argument must be of type array|object, null given
Error date: Mon May 10 1:05:03 CEST 2021' | Error details: foreach() argument must be of type array|object, null given
Error date: Mon May 10 1:05:03 CEST 2021' | Error details: foreach() argument must be of type array|object, null given
Error date: Mon May 10 1:05:03 CEST 2021' | Error details: foreach() argument must be of type array|object, null given
Error date: Mon May 10 1:05:03 CEST 2021' | Error details: foreach() argument must be of type array|object, null given
Error date: Mon May 10 1:05:03 CEST 2021' | Error details: foreach() argument must be of type array|object, null given
Error date: Mon May 10 1:05:04 CEST 2021' | Error details: foreach() argument must be of type array|object, null given
Error date: Mon May 10 1:05:04 CEST 2021' | Error details: foreach() argument must be of type array|object, null given
Error date: Mon May 10 1:05:04 CEST 2021' | Error details: foreach() argument must be of type array|object, null given
Error date: Mon May 10 1:05:04 CEST 2021' | Error details: foreach() argument must be of type array|object, null given
Error date: Mon May 10 1:05:04 CEST 2021' | Error details: foreach() argument must be of type array|object, null given
Error date: Mon May 10 1:05:04 CEST 2021' | Error details: foreach() argument must be of type array|object, null given
Error date: Mon May 10 1:05:04 CEST 2021' | Error details: foreach() argument must be of type array|object, null given
Error date: Mon May 10 1:05:05 CEST 2021' | Error details: foreach() argument must be of type array|object, null given
Error date: Mon May 10 1:05:05 CEST 2021' | Error details: foreach() argument must be of type array|object, null given
Error date: Mon May 10 1:05:05 CEST 2021' | Error details: foreach() argument must be of type array|object, null given
Error date: Mon May 10 1:05:05 CEST 2021' | Error details: foreach() argument must be of type array|object, null given
Error date: Mon May 10 1:05:05 CEST 2021' | Error details: foreach() argument must be of type array|object, null given
Error date: Mon May 10 1:05:05 CEST 2021' | Error details: foreach() argument must be of type array|object, null given
Error date: Mon May 10 1:05:05 CEST 2021' | Error details: foreach() argument must be of type array|object, null given
Error date: Mon May 10 1:05:05 CEST 2021' | Error details: foreach() argument must be of type array|object, null given
Error date: Mon May 10 1:05:05 CEST 2021' | Error details: foreach() argument must be of type array|object, null given
Error date: Mon May 10 1:05:05 CEST 2021' | Error details: foreach() argument must be of type array|object, null given
Error date: Mon May 10 1:05:05 CEST 2021' | Error details: foreach() argument must be of type array|object, null given
Error date: Mon May 10 1:05:05 CEST 2021' | Error details: foreach() argument must be of type array|object, null given
Error date: Mon May 10 1:05:06 CEST 2021' | Error details: foreach() argument must be of type array|object, null given
Error date: Mon May 10 1:05:06 CEST 2021' | Error details: foreach() argument must be of type array|object, null given
Error date: Mon May 10 1:05:06 CEST 2021' | Error details: foreach() argument must be of type array|object, null given
Error date: Mon May 10 1:05:06 CEST 2021' | Error details: foreach() argument must be of type array|object, null given
Error date: Mon May 10 1:05:06 CEST 2021' | Error details: foreach() argument must be of type array|object, null given
Error date: Mon May 10 1:05:06 CEST 2021' | Error details: foreach() argument must be of type array|object, null given
Error date: Mon May 10 1:05:09 CEST 2021' | Error details: foreach() argument must be of type array|object, null given
Error date: Mon May 10 1:05:09 CEST 2021' | Error details: foreach() argument must be of type array|object, null given
Error date: Mon May 10 1:05:09 CEST 2021' | Error details: foreach() argument must be of type array|object, null given
Error date: Mon May 10 1:05:09 CEST 2021' | Error details: foreach() argument must be of type array|object, null given
Error date: Mon May 10 1:05:09 CEST 2021' | Error details: foreach() argument must be of type array|object, null given
Error date: Mon May 10 1:05:09 CEST 2021' | Error details: foreach() argument must be of type array|object, null given
Error date: Mon May 10 1:05:09 CEST 2021' | Error details: foreach() argument must be of type array|object, null given
Error date: Mon May 10 1:05:09 CEST 2021' | Error details: foreach() argument must be of type array|object, null given
Error date: Mon May 10 1:05:09 CEST 2021' | Error details: foreach() argument must be of type array|object, null given
Error date: Mon May 10 1:05:09 CEST 2021' | Error details: foreach() argument must be of type array|object, null given
Error date: Mon May 10 1:05:09 CEST 2021' | Error details: foreach() argument must be of type array|object, null given
Error date: Mon May 10 1:05:09 CEST 2021' | Error details: foreach() argument must be of type array|object, null given
Error date: Mon May 10 1:05:09 CEST 2021' | Error details: foreach() argument must be of type array|object, null given
Error date: Mon May 10 1:05:09 CEST 2021' | Error details: foreach() argument must be of type array|object, null given
Error date: Mon May 10 1:05:09 CEST 2021' | Error details: foreach() argument must be of type array|object, null given
Error date: Mon May 10 1:05:09 CEST 2021' | Error details: foreach() argument must be of type array|object, null given
Error date: Mon May 10 1:05:09 CEST 2021' | Error details: foreach() argument must be of type array|object, null given
Error date: Mon May 10 1:05:09 CEST 2021' | Error details: foreach() argument must be of type array|object, null given
Error date: Mon May 10 1:05:09 CEST 2021' | Error details: foreach() argument must be of type array|object, null given
Error date: Mon May 10 1:05:09 CEST 2021' | Error details: foreach() argument must be of type array|object, null given
Error date: Mon May 10 1:05:09 CEST 2021' | Error details: foreach() argument must be of type array|object, null given
Error date: Mon May 10 1:05:09 CEST 2021' | Error details: foreach() argument must be of type array|object, null given
Error date: Mon May 10 1:05:09 CEST 2021' | Error details: foreach() argument must be of type array|object, null given
Error date: Mon May 10 1:05:09 CEST 2021' | Error details: foreach() argument must be of type array|object, null given
Error date: Mon May 10 1:05:09 CEST 2021' | Error details: foreach() argument must be of type array|object, null given
Error date: Mon May 10 1:05:09 CEST 2021' | Error details: foreach() argument must be of type array|object, null given
Error date: Mon May 10 1:05:10 CEST 2021' | Error details: foreach() argument must be of type array|object, null given
Error date: Mon May 10 1:05:10 CEST 2021' | Error details: foreach() argument must be of type array|object, null given
Error date: Mon May 10 1:05:10 CEST 2021' | Error details: foreach() argument must be of type array|object, null given
Error date: Mon May 10 1:05:10 CEST 2021' | Error details: foreach() argument must be of type array|object, null given
Error date: Mon May 10 1:05:10 CEST 2021' | Error details: foreach() argument must be of type array|object, null given
Error date: Mon May 10 1:05:11 CEST 2021' | Error details: foreach() argument must be of type array|object, null given
Error date: Mon May 10 1:05:11 CEST 2021' | Error details: foreach() argument must be of type array|object, null given
Error date: Mon May 10 1:05:11 CEST 2021' | Error details: foreach() argument must be of type array|object, null given
Error date: Mon May 10 1:05:11 CEST 2021' | Error details: foreach() argument must be of type array|object, null given
Error date: Mon May 10 1:05:11 CEST 2021' | Error details: foreach() argument must be of type array|object, null given
Error date: Mon May 10 1:05:11 CEST 2021' | Error details: foreach() argument must be of type array|object, null given
Error date: Mon May 10 1:05:11 CEST 2021' | Error details: foreach() argument must be of type array|object, null given
Error date: Mon May 10 1:05:11 CEST 2021' | Error details: foreach() argument must be of type array|object, null given
Error date: Mon May 10 1:05:11 CEST 2021' | Error details: foreach() argument must be of type array|object, null given
Error date: Mon May 10 1:05:11 CEST 2021' | Error details: foreach() argument must be of type array|object, null given
Error date: Mon May 10 1:05:11 CEST 2021' | Error details: foreach() argument must be of type array|object, null given
Error date: Mon May 10 1:05:11 CEST 2021' | Error details: foreach() argument must be of type array|object, null given
Error date: Mon May 10 1:05:11 CEST 2021' | Error details: foreach() argument must be of type array|object, null given
Error date: Mon May 10 1:05:11 CEST 2021' | Error details: foreach() argument must be of type array|object, null given
Error date: Mon May 10 1:05:11 CEST 2021' | Error details: foreach() argument must be of type array|object, null given
Error date: Mon May 10 1:05:11 CEST 2021' | Error details: foreach() argument must be of type array|object, null given
Error date: Mon May 10 1:05:11 CEST 2021' | Error details: foreach() argument must be of type array|object, null given
Error date: Mon May 10 1:05:11 CEST 2021' | Error details: foreach() argument must be of type array|object, null given
Error date: Mon May 10 1:05:11 CEST 2021' | Error details: foreach() argument must be of type array|object, null given
Error date: Mon May 10 1:05:11 CEST 2021' | Error details: foreach() argument must be of type array|object, null given
Error date: Mon May 10 1:05:11 CEST 2021' | Error details: foreach() argument must be of type array|object, null given
Error date: Mon May 10 1:05:11 CEST 2021' | Error details: foreach() argument must be of type array|object, null given
Error date: Mon May 10 1:05:11 CEST 2021' | Error details: foreach() argument must be of type array|object, null given
Error date: Mon May 10 1:05:11 CEST 2021' | Error details: foreach() argument must be of type array|object, null given
Error date: Mon May 10 1:05:11 CEST 2021' | Error details: foreach() argument must be of type array|object, null given
Error date: Mon May 10 1:05:11 CEST 2021' | Error details: foreach() argument must be of type array|object, null given
Error date: Mon May 10 1:05:11 CEST 2021' | Error details: foreach() argument must be of type array|object, null given
Error date: Mon May 10 1:05:11 CEST 2021' | Error details: foreach() argument must be of type array|object, null given
Error date: Mon May 10 1:05:11 CEST 2021' | Error details: foreach() argument must be of type array|object, null given
Error date: Mon May 10 1:05:11 CEST 2021' | Error details: foreach() argument must be of type array|object, null given
Error date: Mon May 10 1:05:11 CEST 2021' | Error details: foreach() argument must be of type array|object, null given
Error date: Mon May 10 1:05:11 CEST 2021' | Error details: foreach() argument must be of type array|object, null given
Error date: Mon May 10 1:05:11 CEST 2021' | Error details: foreach() argument must be of type array|object, null given
Error date: Mon May 10 1:05:11 CEST 2021' | Error details: foreach() argument must be of type array|object, null given
Error date: Mon May 10 1:05:11 CEST 2021' | Error details: foreach() argument must be of type array|object, null given
Error date: Mon May 10 1:05:11 CEST 2021' | Error details: foreach() argument must be of type array|object, null given
Error date: Mon May 10 1:05:11 CEST 2021' | Error details: foreach() argument must be of type array|object, null given
Error date: Mon May 10 1:05:11 CEST 2021' | Error details: foreach() argument must be of type array|object, null given
Error date: Mon May 10 1:05:11 CEST 2021' | Error details: foreach() argument must be of type array|object, null given
Error date: Mon May 10 1:05:11 CEST 2021' | Error details: foreach() argument must be of type array|object, null given
Error date: Mon May 10 1:05:11 CEST 2021' | Error details: foreach() argument must be of type array|object, null given
Error date: Mon May 10 1:05:11 CEST 2021' | Error details: foreach() argument must be of type array|object, null given
Error date: Mon May 10 1:05:11 CEST 2021' | Error details: foreach() argument must be of type array|object, null given
Error date: Mon May 10 1:05:11 CEST 2021' | Error details: foreach() argument must be of type array|object, null given
Error date: Mon May 10 1:05:11 CEST 2021' | Error details: foreach() argument must be of type array|object, null given
Error date: Mon May 10 1:05:11 CEST 2021' | Error details: foreach() argument must be of type array|object, null given
Error date: Mon May 10 1:05:11 CEST 2021' | Error details: foreach() argument must be of type array|object, null given
Error date: Mon May 10 1:05:11 CEST 2021' | Error details: foreach() argument must be of type array|object, null given
Error date: Mon May 10 1:05:11 CEST 2021' | Error details: foreach() argument must be of type array|object, null given
Error date: Mon May 10 1:05:11 CEST 2021' | Error details: foreach() argument must be of type array|object, null given
Error date: Mon May 10 1:05:11 CEST 2021' | Error details: foreach() argument must be of type array|object, null given
Error date: Mon May 10 1:05:11 CEST 2021' | Error details: foreach() argument must be of type array|object, null given
Error date: Mon May 10 1:05:11 CEST 2021' | Error details: foreach() argument must be of type array|object, null given
Error date: Mon May 10 1:05:11 CEST 2021' | Error details: foreach() argument must be of type array|object, null given
Error date: Mon May 10 1:05:11 CEST 2021' | Error details: foreach() argument must be of type array|object, null given
Error date: Mon May 10 1:05:11 CEST 2021' | Error details: foreach() argument must be of type array|object, null given
Error date: Mon May 10 1:05:15 CEST 2021' | Error details: foreach() argument must be of type array|object, null given
Error date: Mon May 10 1:05:16 CEST 2021' | Error details: foreach() argument must be of type array|object, null given
Error date: Mon May 10 1:05:20 CEST 2021' | Error details: foreach() argument must be of type array|object, null given
Error date: Mon May 10 1:05:20 CEST 2021' | Error details: foreach() argument must be of type array|object, null given
Error date: Mon May 10 1:05:20 CEST 2021' | Error details: foreach() argument must be of type array|object, null given
Error date: Mon May 10 1:05:20 CEST 2021' | Error details: foreach() argument must be of type array|object, null given
Error date: Mon May 10 1:05:21 CEST 2021' | Error details: foreach() argument must be of type array|object, null given
Error date: Mon May 10 1:05:21 CEST 2021' | Error details: foreach() argument must be of type array|object, null given
Error date: Mon May 10 1:05:21 CEST 2021' | Error details: foreach() argument must be of type array|object, null given
Error date: Mon May 10 1:05:21 CEST 2021' | Error details: foreach() argument must be of type array|object, null given
Error date: Mon May 10 1:05:21 CEST 2021' | Error details: foreach() argument must be of type array|object, null given
Error date: Mon May 10 1:05:21 CEST 2021' | Error details: foreach() argument must be of type array|object, null given
Error date: Mon May 10 1:05:24 CEST 2021' | Error details: foreach() argument must be of type array|object, null given
Error date: Mon May 10 1:05:24 CEST 2021' | Error details: foreach() argument must be of type array|object, null given
Error date: Mon May 10 1:05:24 CEST 2021' | Error details: foreach() argument must be of type array|object, null given
Error date: Mon May 10 1:05:24 CEST 2021' | Error details: foreach() argument must be of type array|object, null given
Error date: Mon May 10 1:05:24 CEST 2021' | Error details: foreach() argument must be of type array|object, null given
Error date: Mon May 10 1:05:24 CEST 2021' | Error details: foreach() argument must be of type array|object, null given
Error date: Mon May 10 1:05:24 CEST 2021' | Error details: foreach() argument must be of type array|object, null given
Error date: Mon May 10 1:05:24 CEST 2021' | Error details: foreach() argument must be of type array|object, null given
Error date: Mon May 10 1:05:24 CEST 2021' | Error details: foreach() argument must be of type array|object, null given
Error date: Mon May 10 1:05:24 CEST 2021' | Error details: foreach() argument must be of type array|object, null given
Error date: Mon May 10 1:05:24 CEST 2021' | Error details: foreach() argument must be of type array|object, null given
Error date: Mon May 10 1:05:25 CEST 2021' | Error details: foreach() argument must be of type array|object, null given
Error date: Mon May 10 1:05:25 CEST 2021' | Error details: foreach() argument must be of type array|object, null given
Error date: Mon May 10 1:05:25 CEST 2021' | Error details: foreach() argument must be of type array|object, null given
Error date: Mon May 10 1:05:25 CEST 2021' | Error details: foreach() argument must be of type array|object, null given
Error date: Mon May 10 1:05:25 CEST 2021' | Error details: foreach() argument must be of type array|object, null given
Error date: Mon May 10 1:05:25 CEST 2021' | Error details: foreach() argument must be of type array|object, null given
Error date: Mon May 10 1:05:25 CEST 2021' | Error details: foreach() argument must be of type array|object, null given
Error date: Mon May 10 1:05:25 CEST 2021' | Error details: foreach() argument must be of type array|object, null given
Error date: Mon May 10 1:05:25 CEST 2021' | Error details: foreach() argument must be of type array|object, null given
Error date: Mon May 10 1:05:25 CEST 2021' | Error details: foreach() argument must be of type array|object, null given
Error date: Mon May 10 1:05:25 CEST 2021' | Error details: foreach() argument must be of type array|object, null given
Error date: Mon May 10 1:05:25 CEST 2021' | Error details: foreach() argument must be of type array|object, null given
Error date: Mon May 10 1:05:25 CEST 2021' | Error details: foreach() argument must be of type array|object, null given
Error date: Mon May 10 1:05:25 CEST 2021' | Error details: foreach() argument must be of type array|object, null given
Error date: Mon May 10 1:05:25 CEST 2021' | Error details: foreach() argument must be of type array|object, null given
Error date: Mon May 10 1:05:25 CEST 2021' | Error details: foreach() argument must be of type array|object, null given
Error date: Mon May 10 1:05:25 CEST 2021' | Error details: foreach() argument must be of type array|object, null given
Error date: Mon May 10 1:05:25 CEST 2021' | Error details: foreach() argument must be of type array|object, null given
Error date: Mon May 10 1:05:25 CEST 2021' | Error details: foreach() argument must be of type array|object, null given
Error date: Mon May 10 1:05:25 CEST 2021' | Error details: foreach() argument must be of type array|object, null given
Error date: Mon May 10 1:05:25 CEST 2021' | Error details: foreach() argument must be of type array|object, null given
Error date: Mon May 10 1:05:25 CEST 2021' | Error details: foreach() argument must be of type array|object, null given
Error date: Mon May 10 1:05:25 CEST 2021' | Error details: foreach() argument must be of type array|object, null given
Error date: Mon May 10 1:05:25 CEST 2021' | Error details: foreach() argument must be of type array|object, null given
Error date: Mon May 10 1:05:25 CEST 2021' | Error details: foreach() argument must be of type array|object, null given
Error date: Mon May 10 1:05:25 CEST 2021' | Error details: foreach() argument must be of type array|object, null given
Error date: Mon May 10 1:05:25 CEST 2021' | Error details: foreach() argument must be of type array|object, null given
Error date: Mon May 10 1:05:26 CEST 2021' | Error details: foreach() argument must be of type array|object, null given
Error date: Mon May 10 1:05:26 CEST 2021' | Error details: foreach() argument must be of type array|object, null given
Error date: Mon May 10 1:05:26 CEST 2021' | Error details: foreach() argument must be of type array|object, null given
Error date: Mon May 10 1:05:26 CEST 2021' | Error details: foreach() argument must be of type array|object, null given
Error date: Mon May 10 1:05:26 CEST 2021' | Error details: foreach() argument must be of type array|object, null given
Error date: Mon May 10 1:05:26 CEST 2021' | Error details: foreach() argument must be of type array|object, null given
Error date: Mon May 10 1:05:26 CEST 2021' | Error details: foreach() argument must be of type array|object, null given
Error date: Mon May 10 1:05:26 CEST 2021' | Error details: foreach() argument must be of type array|object, null given
Error date: Mon May 10 1:05:26 CEST 2021' | Error details: foreach() argument must be of type array|object, null given
Error date: Mon May 10 1:05:26 CEST 2021' | Error details: foreach() argument must be of type array|object, null given
Error date: Mon May 10 1:05:26 CEST 2021' | Error details: foreach() argument must be of type array|object, null given
Error date: Mon May 10 1:05:26 CEST 2021' | Error details: foreach() argument must be of type array|object, null given
Error date: Mon May 10 1:05:28 CEST 2021' | Error details: foreach() argument must be of type array|object, null given
Error date: Mon May 10 1:05:28 CEST 2021' | Error details: foreach() argument must be of type array|object, null given
Error date: Mon May 10 1:05:28 CEST 2021' | Error details: foreach() argument must be of type array|object, null given
Error date: Mon May 10 1:05:28 CEST 2021' | Error details: foreach() argument must be of type array|object, null given
Error date: Mon May 10 1:05:28 CEST 2021' | Error details: foreach() argument must be of type array|object, null given
Error date: Mon May 10 1:05:28 CEST 2021' | Error details: foreach() argument must be of type array|object, null given
Error date: Mon May 10 1:05:28 CEST 2021' | Error details: foreach() argument must be of type array|object, null given
Error date: Mon May 10 1:05:28 CEST 2021' | Error details: foreach() argument must be of type array|object, null given
Error date: Mon May 10 1:05:28 CEST 2021' | Error details: foreach() argument must be of type array|object, null given
Error date: Mon May 10 1:05:29 CEST 2021' | Error details: foreach() argument must be of type array|object, null given
Error date: Mon May 10 1:05:29 CEST 2021' | Error details: foreach() argument must be of type array|object, null given
Error date: Mon May 10 1:05:29 CEST 2021' | Error details: foreach() argument must be of type array|object, null given
Error date: Mon May 10 1:05:29 CEST 2021' | Error details: foreach() argument must be of type array|object, null given
Error date: Mon May 10 1:05:29 CEST 2021' | Error details: foreach() argument must be of type array|object, null given
Error date: Mon May 10 1:05:29 CEST 2021' | Error details: foreach() argument must be of type array|object, null given
Error date: Mon May 10 1:05:29 CEST 2021' | Error details: foreach() argument must be of type array|object, null given
Error date: Mon May 10 1:05:29 CEST 2021' | Error details: foreach() argument must be of type array|object, null given
Error date: Mon May 10 1:05:29 CEST 2021' | Error details: foreach() argument must be of type array|object, null given
Error date: Mon May 10 1:05:29 CEST 2021' | Error details: foreach() argument must be of type array|object, null given
Error date: Mon May 10 1:05:29 CEST 2021' | Error details: foreach() argument must be of type array|object, null given
Error date: Mon May 10 1:05:29 CEST 2021' | Error details: foreach() argument must be of type array|object, null given
Error date: Mon May 10 1:05:29 CEST 2021' | Error details: foreach() argument must be of type array|object, null given
Error date: Mon May 10 1:05:29 CEST 2021' | Error details: foreach() argument must be of type array|object, null given
Error date: Mon May 10 1:05:29 CEST 2021' | Error details: foreach() argument must be of type array|object, null given
Error date: Mon May 10 1:05:29 CEST 2021' | Error details: foreach() argument must be of type array|object, null given
Error date: Mon May 10 1:05:29 CEST 2021' | Error details: foreach() argument must be of type array|object, null given
Error date: Mon May 10 1:05:29 CEST 2021' | Error details: foreach() argument must be of type array|object, null given
Error date: Mon May 10 1:05:29 CEST 2021' | Error details: foreach() argument must be of type array|object, null given
Error date: Mon May 10 1:05:29 CEST 2021' | Error details: foreach() argument must be of type array|object, null given
Error date: Mon May 10 1:05:29 CEST 2021' | Error details: foreach() argument must be of type array|object, null given
Error date: Mon May 10 1:05:29 CEST 2021' | Error details: foreach() argument must be of type array|object, null given
Error date: Mon May 10 1:05:29 CEST 2021' | Error details: foreach() argument must be of type array|object, null given
Error date: Mon May 10 1:05:29 CEST 2021' | Error details: foreach() argument must be of type array|object, null given
Error date: Mon May 10 1:05:33 CEST 2021' | Error details: foreach() argument must be of type array|object, null given
Error date: Mon May 10 1:05:33 CEST 2021' | Error details: foreach() argument must be of type array|object, null given
Error date: Mon May 10 1:05:33 CEST 2021' | Error details: foreach() argument must be of type array|object, null given
Error date: Mon May 10 1:05:33 CEST 2021' | Error details: foreach() argument must be of type array|object, null given
Error date: Mon May 10 1:05:33 CEST 2021' | Error details: foreach() argument must be of type array|object, null given
Error date: Mon May 10 1:05:33 CEST 2021' | Error details: foreach() argument must be of type array|object, null given
Error date: Mon May 10 1:05:33 CEST 2021' | Error details: foreach() argument must be of type array|object, null given
Error date: Mon May 10 1:05:33 CEST 2021' | Error details: foreach() argument must be of type array|object, null given
Error date: Mon May 10 1:05:33 CEST 2021' | Error details: foreach() argument must be of type array|object, null given
Error date: Mon May 10 1:05:33 CEST 2021' | Error details: foreach() argument must be of type array|object, null given
Error date: Mon May 10 1:05:33 CEST 2021' | Error details: foreach() argument must be of type array|object, null given
Error date: Mon May 10 1:05:33 CEST 2021' | Error details: foreach() argument must be of type array|object, null given
Error date: Mon May 10 1:05:33 CEST 2021' | Error details: foreach() argument must be of type array|object, null given
Error date: Mon May 10 1:05:33 CEST 2021' | Error details: foreach() argument must be of type array|object, null given
Error date: Mon May 10 1:05:33 CEST 2021' | Error details: foreach() argument must be of type array|object, null given
Error date: Mon May 10 1:05:33 CEST 2021' | Error details: foreach() argument must be of type array|object, null given
Error date: Mon May 10 1:05:33 CEST 2021' | Error details: foreach() argument must be of type array|object, null given
Error date: Mon May 10 1:05:33 CEST 2021' | Error details: foreach() argument must be of type array|object, null given
Error date: Mon May 10 1:05:33 CEST 2021' | Error details: foreach() argument must be of type array|object, null given
Error date: Mon May 10 1:05:33 CEST 2021' | Error details: foreach() argument must be of type array|object, null given
Error date: Mon May 10 1:05:33 CEST 2021' | Error details: foreach() argument must be of type array|object, null given
Error date: Mon May 10 1:05:33 CEST 2021' | Error details: foreach() argument must be of type array|object, null given
Error date: Mon May 10 1:05:33 CEST 2021' | Error details: foreach() argument must be of type array|object, null given
Error date: Mon May 10 1:05:33 CEST 2021' | Error details: foreach() argument must be of type array|object, null given
Error date: Mon May 10 1:05:33 CEST 2021' | Error details: foreach() argument must be of type array|object, null given
Error date: Mon May 10 1:05:33 CEST 2021' | Error details: foreach() argument must be of type array|object, null given
Error date: Mon May 10 1:05:33 CEST 2021' | Error details: foreach() argument must be of type array|object, null given
Error date: Mon May 10 1:05:33 CEST 2021' | Error details: foreach() argument must be of type array|object, null given
Error date: Mon May 10 1:05:33 CEST 2021' | Error details: foreach() argument must be of type array|object, null given
Error date: Mon May 10 1:05:33 CEST 2021' | Error details: foreach() argument must be of type array|object, null given
Error date: Mon May 10 1:05:33 CEST 2021' | Error details: foreach() argument must be of type array|object, null given
Error date: Mon May 10 1:05:33 CEST 2021' | Error details: foreach() argument must be of type array|object, null given
Error date: Mon May 10 1:05:33 CEST 2021' | Error details: foreach() argument must be of type array|object, null given
Error date: Mon May 10 1:05:33 CEST 2021' | Error details: foreach() argument must be of type array|object, null given
Error date: Mon May 10 1:05:33 CEST 2021' | Error details: foreach() argument must be of type array|object, null given
Error date: Mon May 10 1:05:33 CEST 2021' | Error details: foreach() argument must be of type array|object, null given
Error date: Mon May 10 1:05:33 CEST 2021' | Error details: foreach() argument must be of type array|object, null given
Error date: Mon May 10 1:05:33 CEST 2021' | Error details: foreach() argument must be of type array|object, null given
Error date: Mon May 10 1:05:33 CEST 2021' | Error details: foreach() argument must be of type array|object, null given
Error date: Mon May 10 1:05:33 CEST 2021' | Error details: foreach() argument must be of type array|object, null given
Error date: Mon May 10 1:05:33 CEST 2021' | Error details: foreach() argument must be of type array|object, null given
Error date: Mon May 10 1:05:33 CEST 2021' | Error details: foreach() argument must be of type array|object, null given
Error date: Mon May 10 1:05:33 CEST 2021' | Error details: foreach() argument must be of type array|object, null given
Error date: Mon May 10 1:05:33 CEST 2021' | Error details: foreach() argument must be of type array|object, null given
Error date: Mon May 10 1:05:33 CEST 2021' | Error details: foreach() argument must be of type array|object, null given
Error date: Mon May 10 1:05:33 CEST 2021' | Error details: foreach() argument must be of type array|object, null given
Error date: Mon May 10 1:05:33 CEST 2021' | Error details: foreach() argument must be of type array|object, null given
Error date: Mon May 10 1:05:33 CEST 2021' | Error details: foreach() argument must be of type array|object, null given
Error date: Mon May 10 1:05:33 CEST 2021' | Error details: foreach() argument must be of type array|object, null given
Error date: Mon May 10 1:05:34 CEST 2021' | Error details: foreach() argument must be of type array|object, null given
Error date: Mon May 10 1:05:34 CEST 2021' | Error details: foreach() argument must be of type array|object, null given
Error date: Mon May 10 1:05:34 CEST 2021' | Error details: foreach() argument must be of type array|object, null given
Error date: Mon May 10 1:05:34 CEST 2021' | Error details: foreach() argument must be of type array|object, null given
Error date: Mon May 10 1:05:34 CEST 2021' | Error details: foreach() argument must be of type array|object, null given
Error date: Mon May 10 1:05:34 CEST 2021' | Error details: foreach() argument must be of type array|object, null given
Error date: Mon May 10 1:05:34 CEST 2021' | Error details: foreach() argument must be of type array|object, null given
Error date: Mon May 10 1:05:34 CEST 2021' | Error details: foreach() argument must be of type array|object, null given
Error date: Mon May 10 1:05:34 CEST 2021' | Error details: foreach() argument must be of type array|object, null given
Error date: Mon May 10 1:05:34 CEST 2021' | Error details: foreach() argument must be of type array|object, null given
Error date: Mon May 10 1:05:34 CEST 2021' | Error details: foreach() argument must be of type array|object, null given
Error date: Mon May 10 1:05:34 CEST 2021' | Error details: foreach() argument must be of type array|object, null given
Error date: Mon May 10 1:05:34 CEST 2021' | Error details: foreach() argument must be of type array|object, null given
Error date: Mon May 10 1:05:34 CEST 2021' | Error details: foreach() argument must be of type array|object, null given
Error date: Mon May 10 1:05:34 CEST 2021' | Error details: foreach() argument must be of type array|object, null given
Error date: Mon May 10 1:05:34 CEST 2021' | Error details: foreach() argument must be of type array|object, null given
Error date: Mon May 10 1:05:34 CEST 2021' | Error details: foreach() argument must be of type array|object, null given
Error date: Mon May 10 1:14:32 CEST 2021' | Error details: foreach() argument must be of type array|object, null given
Error date: Mon May 10 1:14:32 CEST 2021' | Error details: foreach() argument must be of type array|object, null given
Error date: Mon May 10 1:14:35 CEST 2021' | Error details: foreach() argument must be of type array|object, null given
Error date: Mon May 10 1:14:35 CEST 2021' | Error details: foreach() argument must be of type array|object, null given
Error date: Mon May 10 1:14:35 CEST 2021' | Error details: foreach() argument must be of type array|object, null given
Error date: Mon May 10 1:14:35 CEST 2021' | Error details: foreach() argument must be of type array|object, null given
Error date: Mon May 10 1:14:36 CEST 2021' | Error details: foreach() argument must be of type array|object, null given
Error date: Mon May 10 1:14:36 CEST 2021' | Error details: foreach() argument must be of type array|object, null given
Error date: Mon May 10 1:14:36 CEST 2021' | Error details: foreach() argument must be of type array|object, null given
Error date: Mon May 10 1:14:36 CEST 2021' | Error details: foreach() argument must be of type array|object, null given
Error date: Mon May 10 1:14:37 CEST 2021' | Error details: foreach() argument must be of type array|object, null given
Error date: Mon May 10 1:14:37 CEST 2021' | Error details: foreach() argument must be of type array|object, null given
Error date: Mon May 10 1:14:37 CEST 2021' | Error details: foreach() argument must be of type array|object, null given
Error date: Mon May 10 1:14:37 CEST 2021' | Error details: foreach() argument must be of type array|object, null given
Error date: Mon May 10 1:14:37 CEST 2021' | Error details: foreach() argument must be of type array|object, null given
Error date: Mon May 10 1:14:37 CEST 2021' | Error details: foreach() argument must be of type array|object, null given
Error date: Mon May 10 1:14:37 CEST 2021' | Error details: foreach() argument must be of type array|object, null given
Error date: Mon May 10 1:14:37 CEST 2021' | Error details: foreach() argument must be of type array|object, null given
Error date: Mon May 10 1:14:37 CEST 2021' | Error details: foreach() argument must be of type array|object, null given
Error date: Mon May 10 1:14:37 CEST 2021' | Error details: foreach() argument must be of type array|object, null given
Error date: Mon May 10 1:14:37 CEST 2021' | Error details: foreach() argument must be of type array|object, null given
Error date: Mon May 10 1:14:38 CEST 2021' | Error details: foreach() argument must be of type array|object, null given
Error date: Mon May 10 1:14:38 CEST 2021' | Error details: foreach() argument must be of type array|object, null given
Error date: Mon May 10 1:14:38 CEST 2021' | Error details: foreach() argument must be of type array|object, null given
Error date: Mon May 10 1:14:38 CEST 2021' | Error details: foreach() argument must be of type array|object, null given
Error date: Mon May 10 1:14:38 CEST 2021' | Error details: foreach() argument must be of type array|object, null given
Error date: Mon May 10 1:14:38 CEST 2021' | Error details: foreach() argument must be of type array|object, null given
Error date: Mon May 10 1:14:38 CEST 2021' | Error details: foreach() argument must be of type array|object, null given
Error date: Mon May 10 1:14:38 CEST 2021' | Error details: foreach() argument must be of type array|object, null given
Error date: Mon May 10 1:14:38 CEST 2021' | Error details: foreach() argument must be of type array|object, null given
Error date: Mon May 10 1:14:38 CEST 2021' | Error details: foreach() argument must be of type array|object, null given
Error date: Mon May 10 1:14:38 CEST 2021' | Error details: foreach() argument must be of type array|object, null given
Error date: Mon May 10 1:14:39 CEST 2021' | Error details: foreach() argument must be of type array|object, null given
Error date: Mon May 10 1:14:39 CEST 2021' | Error details: foreach() argument must be of type array|object, null given
Error date: Mon May 10 1:14:39 CEST 2021' | Error details: foreach() argument must be of type array|object, null given
Error date: Mon May 10 1:14:39 CEST 2021' | Error details: foreach() argument must be of type array|object, null given
Error date: Mon May 10 1:14:41 CEST 2021' | Error details: foreach() argument must be of type array|object, null given
Error date: Mon May 10 1:14:42 CEST 2021' | Error details: foreach() argument must be of type array|object, null given
Error date: Mon May 10 1:14:43 CEST 2021' | Error details: foreach() argument must be of type array|object, null given
Error date: Mon May 10 1:14:48 CEST 2021' | Error details: foreach() argument must be of type array|object, null given
Error date: Mon May 10 1:14:48 CEST 2021' | Error details: foreach() argument must be of type array|object, null given
Error date: Mon May 10 1:14:48 CEST 2021' | Error details: foreach() argument must be of type array|object, null given
Error date: Mon May 10 1:14:48 CEST 2021' | Error details: foreach() argument must be of type array|object, null given
Error date: Mon May 10 1:14:48 CEST 2021' | Error details: foreach() argument must be of type array|object, null given
Error date: Mon May 10 1:14:48 CEST 2021' | Error details: foreach() argument must be of type array|object, null given
Error date: Mon May 10 1:14:48 CEST 2021' | Error details: foreach() argument must be of type array|object, null given
Error date: Mon May 10 1:14:48 CEST 2021' | Error details: foreach() argument must be of type array|object, null given
Error date: Mon May 10 1:14:48 CEST 2021' | Error details: foreach() argument must be of type array|object, null given
Error date: Mon May 10 1:14:49 CEST 2021' | Error details: foreach() argument must be of type array|object, null given
Error date: Mon May 10 1:14:49 CEST 2021' | Error details: foreach() argument must be of type array|object, null given
Error date: Mon May 10 1:14:49 CEST 2021' | Error details: foreach() argument must be of type array|object, null given
Error date: Mon May 10 1:14:49 CEST 2021' | Error details: foreach() argument must be of type array|object, null given
Error date: Mon May 10 1:14:49 CEST 2021' | Error details: foreach() argument must be of type array|object, null given
Error date: Mon May 10 1:14:49 CEST 2021' | Error details: foreach() argument must be of type array|object, null given
Error date: Mon May 10 1:14:49 CEST 2021' | Error details: foreach() argument must be of type array|object, null given
Error date: Mon May 10 1:14:49 CEST 2021' | Error details: foreach() argument must be of type array|object, null given
Error date: Mon May 10 1:14:49 CEST 2021' | Error details: foreach() argument must be of type array|object, null given
Error date: Mon May 10 1:14:50 CEST 2021' | Error details: foreach() argument must be of type array|object, null given
Error date: Mon May 10 1:14:50 CEST 2021' | Error details: foreach() argument must be of type array|object, null given
Error date: Mon May 10 1:14:50 CEST 2021' | Error details: foreach() argument must be of type array|object, null given
Error date: Mon May 10 1:14:50 CEST 2021' | Error details: foreach() argument must be of type array|object, null given
Error date: Mon May 10 1:14:50 CEST 2021' | Error details: foreach() argument must be of type array|object, null given
Error date: Mon May 10 1:14:50 CEST 2021' | Error details: foreach() argument must be of type array|object, null given
Error date: Mon May 10 1:14:50 CEST 2021' | Error details: foreach() argument must be of type array|object, null given
Error date: Mon May 10 1:14:50 CEST 2021' | Error details: foreach() argument must be of type array|object, null given
Error date: Mon May 10 1:14:50 CEST 2021' | Error details: foreach() argument must be of type array|object, null given
Error date: Mon May 10 1:14:50 CEST 2021' | Error details: foreach() argument must be of type array|object, null given
Error date: Mon May 10 1:14:51 CEST 2021' | Error details: foreach() argument must be of type array|object, null given
Error date: Mon May 10 1:14:51 CEST 2021' | Error details: foreach() argument must be of type array|object, null given
Error date: Mon May 10 1:14:51 CEST 2021' | Error details: foreach() argument must be of type array|object, null given
Error date: Mon May 10 1:14:51 CEST 2021' | Error details: foreach() argument must be of type array|object, null given
Error date: Mon May 10 1:14:51 CEST 2021' | Error details: foreach() argument must be of type array|object, null given
Error date: Mon May 10 1:14:51 CEST 2021' | Error details: foreach() argument must be of type array|object, null given
Error date: Mon May 10 1:14:51 CEST 2021' | Error details: foreach() argument must be of type array|object, null given
Error date: Mon May 10 1:14:51 CEST 2021' | Error details: foreach() argument must be of type array|object, null given
Error date: Mon May 10 1:14:51 CEST 2021' | Error details: foreach() argument must be of type array|object, null given
Error date: Mon May 10 1:14:51 CEST 2021' | Error details: foreach() argument must be of type array|object, null given
Error date: Mon May 10 1:14:52 CEST 2021' | Error details: foreach() argument must be of type array|object, null given
Error date: Mon May 10 1:14:52 CEST 2021' | Error details: foreach() argument must be of type array|object, null given
Error date: Mon May 10 1:14:52 CEST 2021' | Error details: foreach() argument must be of type array|object, null given
Error date: Mon May 10 1:14:52 CEST 2021' | Error details: foreach() argument must be of type array|object, null given
Error date: Mon May 10 1:14:55 CEST 2021' | Error details: foreach() argument must be of type array|object, null given
Error date: Mon May 10 1:14:57 CEST 2021' | Error details: foreach() argument must be of type array|object, null given
Error date: Mon May 10 1:15:02 CEST 2021' | Error details: foreach() argument must be of type array|object, null given
Error date: Mon May 10 1:15:02 CEST 2021' | Error details: foreach() argument must be of type array|object, null given
Error date: Mon May 10 1:15:02 CEST 2021' | Error details: foreach() argument must be of type array|object, null given
Error date: Mon May 10 1:15:03 CEST 2021' | Error details: foreach() argument must be of type array|object, null given
Error date: Mon May 10 1:15:03 CEST 2021' | Error details: foreach() argument must be of type array|object, null given
Error date: Mon May 10 1:15:03 CEST 2021' | Error details: foreach() argument must be of type array|object, null given
Error date: Mon May 10 1:15:03 CEST 2021' | Error details: foreach() argument must be of type array|object, null given
Error date: Mon May 10 1:15:03 CEST 2021' | Error details: foreach() argument must be of type array|object, null given
Error date: Mon May 10 1:15:03 CEST 2021' | Error details: foreach() argument must be of type array|object, null given
Error date: Mon May 10 1:15:03 CEST 2021' | Error details: foreach() argument must be of type array|object, null given
Error date: Mon May 10 1:15:03 CEST 2021' | Error details: foreach() argument must be of type array|object, null given
Error date: Mon May 10 1:15:03 CEST 2021' | Error details: foreach() argument must be of type array|object, null given
Error date: Mon May 10 1:15:03 CEST 2021' | Error details: foreach() argument must be of type array|object, null given
Error date: Mon May 10 1:28:22 CEST 2021' | Error details: foreach() argument must be of type array|object, null given
Error date: Mon May 10 1:28:23 CEST 2021' | Error details: foreach() argument must be of type array|object, null given
